2018-02-15 02:57:56,464 INFO 25666 [egg:logger] init all loggers with options: {"dir":"/Users/chirsen/myGitHub/dcwj调查问卷/logs/questionnaire","encoding":"utf8","env":"local","level":"INFO","consoleLevel":"INFO","disableConsoleAfterReady":false,"outputJSON":false,"buffer":true,"appLogName":"questionnaire-web.log","coreLogName":"egg-web.log","agentLogName":"egg-agent.log","errorLogName":"common-error.log","coreLogger":{"consoleLevel":"WARN"},"allowDebugAtProd":true,"type":"application"}
2018-02-15 02:57:56,504 INFO 25666 [egg-schedule]: register schedule /Users/chirsen/myGitHub/dcwj调查问卷/node_modules/_egg-logrotator@3.0.1@egg-logrotator/app/schedule/clean_log.js
2018-02-15 02:57:56,504 INFO 25666 [egg-schedule]: register schedule /Users/chirsen/myGitHub/dcwj调查问卷/node_modules/_egg-logrotator@3.0.1@egg-logrotator/app/schedule/rotate_by_file.js
2018-02-15 02:57:56,551 INFO 25666 [egg-static] starting static serve /public/ -> /Users/chirsen/myGitHub/dcwj调查问卷/app/public
2018-02-15 02:57:56,554 INFO 25666 [egg-security] use csrf middleware
2018-02-15 02:57:56,555 INFO 25666 [egg-security] use methodnoallow middleware
2018-02-15 02:57:56,555 INFO 25666 [egg-security] use noopen middleware
2018-02-15 02:57:56,556 INFO 25666 [egg-security] use nosniff middleware
2018-02-15 02:57:56,556 INFO 25666 [egg-security] use xssProtection middleware
2018-02-15 02:57:56,557 INFO 25666 [egg-security] use xframe middleware
2018-02-15 02:57:56,557 INFO 25666 [egg-security] use dta middleware
2018-02-15 02:57:56,557 INFO 25666 [egg-security] compose 7 middlewares into one security middleware
2018-02-15 02:57:56,591 INFO 25666 [egg-watcher:app] watcher start success
2018-02-15 02:59:39,893 INFO 25671 [egg:logger] init all loggers with options: {"dir":"/Users/chirsen/myGitHub/dcwj调查问卷/logs/questionnaire","encoding":"utf8","env":"local","level":"INFO","consoleLevel":"INFO","disableConsoleAfterReady":false,"outputJSON":false,"buffer":true,"appLogName":"questionnaire-web.log","coreLogName":"egg-web.log","agentLogName":"egg-agent.log","errorLogName":"common-error.log","coreLogger":{"consoleLevel":"WARN"},"allowDebugAtProd":true,"type":"application"}
2018-02-15 02:59:39,922 INFO 25671 [egg-schedule]: register schedule /Users/chirsen/myGitHub/dcwj调查问卷/node_modules/_egg-logrotator@3.0.1@egg-logrotator/app/schedule/clean_log.js
2018-02-15 02:59:39,922 INFO 25671 [egg-schedule]: register schedule /Users/chirsen/myGitHub/dcwj调查问卷/node_modules/_egg-logrotator@3.0.1@egg-logrotator/app/schedule/rotate_by_file.js
2018-02-15 02:59:39,956 INFO 25671 [egg-static] starting static serve /public/ -> /Users/chirsen/myGitHub/dcwj调查问卷/app/public
2018-02-15 02:59:39,958 INFO 25671 [egg-security] use csrf middleware
2018-02-15 02:59:39,959 INFO 25671 [egg-security] use methodnoallow middleware
2018-02-15 02:59:39,959 INFO 25671 [egg-security] use noopen middleware
2018-02-15 02:59:39,959 INFO 25671 [egg-security] use nosniff middleware
2018-02-15 02:59:39,960 INFO 25671 [egg-security] use xssProtection middleware
2018-02-15 02:59:39,960 INFO 25671 [egg-security] use xframe middleware
2018-02-15 02:59:39,961 INFO 25671 [egg-security] use dta middleware
2018-02-15 02:59:39,961 INFO 25671 [egg-security] compose 7 middlewares into one security middleware
2018-02-15 02:59:39,985 INFO 25671 [egg-watcher:app] watcher start success
2018-02-15 02:59:51,702 INFO 25684 [egg:logger] init all loggers with options: {"dir":"/Users/chirsen/myGitHub/dcwj调查问卷/logs/questionnaire","encoding":"utf8","env":"local","level":"INFO","consoleLevel":"INFO","disableConsoleAfterReady":false,"outputJSON":false,"buffer":true,"appLogName":"questionnaire-web.log","coreLogName":"egg-web.log","agentLogName":"egg-agent.log","errorLogName":"common-error.log","coreLogger":{"consoleLevel":"WARN"},"allowDebugAtProd":true,"type":"application"}
2018-02-15 02:59:51,729 INFO 25684 [egg-schedule]: register schedule /Users/chirsen/myGitHub/dcwj调查问卷/node_modules/_egg-logrotator@3.0.1@egg-logrotator/app/schedule/clean_log.js
2018-02-15 02:59:51,729 INFO 25684 [egg-schedule]: register schedule /Users/chirsen/myGitHub/dcwj调查问卷/node_modules/_egg-logrotator@3.0.1@egg-logrotator/app/schedule/rotate_by_file.js
2018-02-15 02:59:51,766 INFO 25684 [egg-static] starting static serve /public/ -> /Users/chirsen/myGitHub/dcwj调查问卷/app/public
2018-02-15 02:59:51,768 INFO 25684 [egg-security] use csrf middleware
2018-02-15 02:59:51,769 INFO 25684 [egg-security] use methodnoallow middleware
2018-02-15 02:59:51,769 INFO 25684 [egg-security] use noopen middleware
2018-02-15 02:59:51,769 INFO 25684 [egg-security] use nosniff middleware
2018-02-15 02:59:51,769 INFO 25684 [egg-security] use xssProtection middleware
2018-02-15 02:59:51,770 INFO 25684 [egg-security] use xframe middleware
2018-02-15 02:59:51,770 INFO 25684 [egg-security] use dta middleware
2018-02-15 02:59:51,770 INFO 25684 [egg-security] compose 7 middlewares into one security middleware
2018-02-15 02:59:51,795 INFO 25684 [egg-watcher:app] watcher start success
2018-02-15 03:03:58,373 INFO 25758 [egg:logger] init all loggers with options: {"dir":"/Users/chirsen/myGitHub/dcwj调查问卷/logs/questionnaire","encoding":"utf8","env":"local","level":"INFO","consoleLevel":"INFO","disableConsoleAfterReady":false,"outputJSON":false,"buffer":true,"appLogName":"questionnaire-web.log","coreLogName":"egg-web.log","agentLogName":"egg-agent.log","errorLogName":"common-error.log","coreLogger":{"consoleLevel":"WARN"},"allowDebugAtProd":true,"type":"application"}
2018-02-15 03:03:58,399 INFO 25758 [egg-schedule]: register schedule /Users/chirsen/myGitHub/dcwj调查问卷/node_modules/_egg-logrotator@3.0.1@egg-logrotator/app/schedule/clean_log.js
2018-02-15 03:03:58,399 INFO 25758 [egg-schedule]: register schedule /Users/chirsen/myGitHub/dcwj调查问卷/node_modules/_egg-logrotator@3.0.1@egg-logrotator/app/schedule/rotate_by_file.js
2018-02-15 03:03:58,429 INFO 25758 [egg-static] starting static serve /public/ -> /Users/chirsen/myGitHub/dcwj调查问卷/app/public
2018-02-15 03:03:58,432 INFO 25758 [egg-security] use csrf middleware
2018-02-15 03:03:58,433 INFO 25758 [egg-security] use methodnoallow middleware
2018-02-15 03:03:58,433 INFO 25758 [egg-security] use noopen middleware
2018-02-15 03:03:58,433 INFO 25758 [egg-security] use nosniff middleware
2018-02-15 03:03:58,434 INFO 25758 [egg-security] use xssProtection middleware
2018-02-15 03:03:58,434 INFO 25758 [egg-security] use xframe middleware
2018-02-15 03:03:58,434 INFO 25758 [egg-security] use dta middleware
2018-02-15 03:03:58,434 INFO 25758 [egg-security] compose 7 middlewares into one security middleware
2018-02-15 03:03:58,461 INFO 25758 [egg-watcher:app] watcher start success
2018-02-15 03:05:29,588 INFO 25813 [egg:logger] init all loggers with options: {"dir":"/Users/chirsen/myGitHub/dcwj调查问卷/logs/questionnaire","encoding":"utf8","env":"local","level":"INFO","consoleLevel":"INFO","disableConsoleAfterReady":false,"outputJSON":false,"buffer":true,"appLogName":"questionnaire-web.log","coreLogName":"egg-web.log","agentLogName":"egg-agent.log","errorLogName":"common-error.log","coreLogger":{"consoleLevel":"WARN"},"allowDebugAtProd":true,"type":"application"}
2018-02-15 03:05:29,613 INFO 25813 [egg-schedule]: register schedule /Users/chirsen/myGitHub/dcwj调查问卷/node_modules/_egg-logrotator@3.0.1@egg-logrotator/app/schedule/clean_log.js
2018-02-15 03:05:29,613 INFO 25813 [egg-schedule]: register schedule /Users/chirsen/myGitHub/dcwj调查问卷/node_modules/_egg-logrotator@3.0.1@egg-logrotator/app/schedule/rotate_by_file.js
2018-02-15 03:05:29,645 INFO 25813 [egg-static] starting static serve /public/ -> /Users/chirsen/myGitHub/dcwj调查问卷/app/public
2018-02-15 03:05:29,647 INFO 25813 [egg-security] use csrf middleware
2018-02-15 03:05:29,648 INFO 25813 [egg-security] use methodnoallow middleware
2018-02-15 03:05:29,648 INFO 25813 [egg-security] use noopen middleware
2018-02-15 03:05:29,649 INFO 25813 [egg-security] use nosniff middleware
2018-02-15 03:05:29,649 INFO 25813 [egg-security] use xssProtection middleware
2018-02-15 03:05:29,649 INFO 25813 [egg-security] use xframe middleware
2018-02-15 03:05:29,649 INFO 25813 [egg-security] use dta middleware
2018-02-15 03:05:29,649 INFO 25813 [egg-security] compose 7 middlewares into one security middleware
2018-02-15 03:05:29,672 INFO 25813 [egg-watcher:app] watcher start success
2018-02-15 03:05:39,153 INFO 25834 [egg:logger] init all loggers with options: {"dir":"/Users/chirsen/myGitHub/dcwj调查问卷/logs/questionnaire","encoding":"utf8","env":"local","level":"INFO","consoleLevel":"INFO","disableConsoleAfterReady":false,"outputJSON":false,"buffer":true,"appLogName":"questionnaire-web.log","coreLogName":"egg-web.log","agentLogName":"egg-agent.log","errorLogName":"common-error.log","coreLogger":{"consoleLevel":"WARN"},"allowDebugAtProd":true,"type":"application"}
2018-02-15 03:05:39,182 INFO 25834 [egg-schedule]: register schedule /Users/chirsen/myGitHub/dcwj调查问卷/node_modules/_egg-logrotator@3.0.1@egg-logrotator/app/schedule/clean_log.js
2018-02-15 03:05:39,182 INFO 25834 [egg-schedule]: register schedule /Users/chirsen/myGitHub/dcwj调查问卷/node_modules/_egg-logrotator@3.0.1@egg-logrotator/app/schedule/rotate_by_file.js
2018-02-15 03:05:39,213 INFO 25834 [egg-static] starting static serve /public/ -> /Users/chirsen/myGitHub/dcwj调查问卷/app/public
2018-02-15 03:05:39,215 INFO 25834 [egg-security] use csrf middleware
2018-02-15 03:05:39,216 INFO 25834 [egg-security] use methodnoallow middleware
2018-02-15 03:05:39,216 INFO 25834 [egg-security] use noopen middleware
2018-02-15 03:05:39,217 INFO 25834 [egg-security] use nosniff middleware
2018-02-15 03:05:39,217 INFO 25834 [egg-security] use xssProtection middleware
2018-02-15 03:05:39,217 INFO 25834 [egg-security] use xframe middleware
2018-02-15 03:05:39,217 INFO 25834 [egg-security] use dta middleware
2018-02-15 03:05:39,217 INFO 25834 [egg-security] compose 7 middlewares into one security middleware
2018-02-15 03:05:39,243 INFO 25834 [egg-watcher:app] watcher start success
2018-02-15 03:06:29,156 INFO 25840 [egg:logger] init all loggers with options: {"dir":"/Users/chirsen/myGitHub/dcwj调查问卷/logs/questionnaire","encoding":"utf8","env":"local","level":"INFO","consoleLevel":"INFO","disableConsoleAfterReady":false,"outputJSON":false,"buffer":true,"appLogName":"questionnaire-web.log","coreLogName":"egg-web.log","agentLogName":"egg-agent.log","errorLogName":"common-error.log","coreLogger":{"consoleLevel":"WARN"},"allowDebugAtProd":true,"type":"application"}
2018-02-15 03:06:29,186 INFO 25840 [egg-schedule]: register schedule /Users/chirsen/myGitHub/dcwj调查问卷/node_modules/_egg-logrotator@3.0.1@egg-logrotator/app/schedule/clean_log.js
2018-02-15 03:06:29,187 INFO 25840 [egg-schedule]: register schedule /Users/chirsen/myGitHub/dcwj调查问卷/node_modules/_egg-logrotator@3.0.1@egg-logrotator/app/schedule/rotate_by_file.js
2018-02-15 03:06:29,223 INFO 25840 [egg-static] starting static serve /public/ -> /Users/chirsen/myGitHub/dcwj调查问卷/app/public
2018-02-15 03:06:29,225 INFO 25840 [egg-security] use csrf middleware
2018-02-15 03:06:29,226 INFO 25840 [egg-security] use methodnoallow middleware
2018-02-15 03:06:29,226 INFO 25840 [egg-security] use noopen middleware
2018-02-15 03:06:29,226 INFO 25840 [egg-security] use nosniff middleware
2018-02-15 03:06:29,227 INFO 25840 [egg-security] use xssProtection middleware
2018-02-15 03:06:29,227 INFO 25840 [egg-security] use xframe middleware
2018-02-15 03:06:29,227 INFO 25840 [egg-security] use dta middleware
2018-02-15 03:06:29,227 INFO 25840 [egg-security] compose 7 middlewares into one security middleware
2018-02-15 03:06:29,251 INFO 25840 [egg-watcher:app] watcher start success
2018-02-15 03:08:39,484 INFO 25965 [egg:logger] init all loggers with options: {"dir":"/Users/chirsen/myGitHub/questionair/logs/questionnaire","encoding":"utf8","env":"local","level":"INFO","consoleLevel":"INFO","disableConsoleAfterReady":false,"outputJSON":false,"buffer":true,"appLogName":"questionnaire-web.log","coreLogName":"egg-web.log","agentLogName":"egg-agent.log","errorLogName":"common-error.log","coreLogger":{"consoleLevel":"WARN"},"allowDebugAtProd":true,"type":"application"}
2018-02-15 03:08:39,510 INFO 25965 [egg-schedule]: register schedule /Users/chirsen/myGitHub/questionair/node_modules/_egg-logrotator@3.0.1@egg-logrotator/app/schedule/clean_log.js
2018-02-15 03:08:39,510 INFO 25965 [egg-schedule]: register schedule /Users/chirsen/myGitHub/questionair/node_modules/_egg-logrotator@3.0.1@egg-logrotator/app/schedule/rotate_by_file.js
2018-02-15 03:08:39,544 INFO 25965 [egg-static] starting static serve /public/ -> /Users/chirsen/myGitHub/questionair/app/public
2018-02-15 03:08:39,546 INFO 25965 [egg-security] use csrf middleware
2018-02-15 03:08:39,547 INFO 25965 [egg-security] use methodnoallow middleware
2018-02-15 03:08:39,547 INFO 25965 [egg-security] use noopen middleware
2018-02-15 03:08:39,548 INFO 25965 [egg-security] use nosniff middleware
2018-02-15 03:08:39,548 INFO 25965 [egg-security] use xssProtection middleware
2018-02-15 03:08:39,548 INFO 25965 [egg-security] use xframe middleware
2018-02-15 03:08:39,548 INFO 25965 [egg-security] use dta middleware
2018-02-15 03:08:39,548 INFO 25965 [egg-security] compose 7 middlewares into one security middleware
2018-02-15 03:08:39,574 INFO 25965 [egg-watcher:app] watcher start success
2018-02-15 03:09:02,995 INFO 26010 [egg:logger] init all loggers with options: {"dir":"/Users/chirsen/myGitHub/questionair/logs/questionnaire","encoding":"utf8","env":"local","level":"INFO","consoleLevel":"INFO","disableConsoleAfterReady":false,"outputJSON":false,"buffer":true,"appLogName":"questionnaire-web.log","coreLogName":"egg-web.log","agentLogName":"egg-agent.log","errorLogName":"common-error.log","coreLogger":{"consoleLevel":"WARN"},"allowDebugAtProd":true,"type":"application"}
2018-02-15 03:09:03,022 INFO 26010 [egg-schedule]: register schedule /Users/chirsen/myGitHub/questionair/node_modules/_egg-logrotator@3.0.1@egg-logrotator/app/schedule/clean_log.js
2018-02-15 03:09:03,022 INFO 26010 [egg-schedule]: register schedule /Users/chirsen/myGitHub/questionair/node_modules/_egg-logrotator@3.0.1@egg-logrotator/app/schedule/rotate_by_file.js
2018-02-15 03:09:03,054 INFO 26010 [egg-static] starting static serve /public/ -> /Users/chirsen/myGitHub/questionair/app/public
2018-02-15 03:09:03,056 INFO 26010 [egg-security] use csrf middleware
2018-02-15 03:09:03,056 INFO 26010 [egg-security] use methodnoallow middleware
2018-02-15 03:09:03,057 INFO 26010 [egg-security] use noopen middleware
2018-02-15 03:09:03,057 INFO 26010 [egg-security] use nosniff middleware
2018-02-15 03:09:03,057 INFO 26010 [egg-security] use xssProtection middleware
2018-02-15 03:09:03,057 INFO 26010 [egg-security] use xframe middleware
2018-02-15 03:09:03,058 INFO 26010 [egg-security] use dta middleware
2018-02-15 03:09:03,058 INFO 26010 [egg-security] compose 7 middlewares into one security middleware
2018-02-15 03:09:03,085 INFO 26010 [egg-watcher:app] watcher start success
2018-02-15 03:09:57,709 INFO 26066 [egg:logger] init all loggers with options: {"dir":"/Users/chirsen/myGitHub/questionair/logs/questionnaire","encoding":"utf8","env":"local","level":"INFO","consoleLevel":"INFO","disableConsoleAfterReady":false,"outputJSON":false,"buffer":true,"appLogName":"questionnaire-web.log","coreLogName":"egg-web.log","agentLogName":"egg-agent.log","errorLogName":"common-error.log","coreLogger":{"consoleLevel":"WARN"},"allowDebugAtProd":true,"type":"application"}
2018-02-15 03:09:57,740 INFO 26066 [egg-schedule]: register schedule /Users/chirsen/myGitHub/questionair/node_modules/_egg-logrotator@3.0.1@egg-logrotator/app/schedule/clean_log.js
2018-02-15 03:09:57,740 INFO 26066 [egg-schedule]: register schedule /Users/chirsen/myGitHub/questionair/node_modules/_egg-logrotator@3.0.1@egg-logrotator/app/schedule/rotate_by_file.js
2018-02-15 03:09:57,770 INFO 26066 [egg-static] starting static serve /public/ -> /Users/chirsen/myGitHub/questionair/app/public
2018-02-15 03:09:57,772 INFO 26066 [egg-security] use csrf middleware
2018-02-15 03:09:57,773 INFO 26066 [egg-security] use methodnoallow middleware
2018-02-15 03:09:57,773 INFO 26066 [egg-security] use noopen middleware
2018-02-15 03:09:57,773 INFO 26066 [egg-security] use nosniff middleware
2018-02-15 03:09:57,773 INFO 26066 [egg-security] use xssProtection middleware
2018-02-15 03:09:57,774 INFO 26066 [egg-security] use xframe middleware
2018-02-15 03:09:57,774 INFO 26066 [egg-security] use dta middleware
2018-02-15 03:09:57,774 INFO 26066 [egg-security] compose 7 middlewares into one security middleware
2018-02-15 03:09:57,799 INFO 26066 [egg-watcher:app] watcher start success
2018-02-15 03:12:19,206 INFO 26171 [egg:logger] init all loggers with options: {"dir":"/Users/chirsen/myGitHub/questionair/logs/questionnaire","encoding":"utf8","env":"local","level":"INFO","consoleLevel":"INFO","disableConsoleAfterReady":false,"outputJSON":false,"buffer":true,"appLogName":"questionnaire-web.log","coreLogName":"egg-web.log","agentLogName":"egg-agent.log","errorLogName":"common-error.log","coreLogger":{"consoleLevel":"WARN"},"allowDebugAtProd":true,"type":"application"}
2018-02-15 03:12:19,231 INFO 26171 [egg-schedule]: register schedule /Users/chirsen/myGitHub/questionair/node_modules/_egg-logrotator@3.0.1@egg-logrotator/app/schedule/clean_log.js
2018-02-15 03:12:19,232 INFO 26171 [egg-schedule]: register schedule /Users/chirsen/myGitHub/questionair/node_modules/_egg-logrotator@3.0.1@egg-logrotator/app/schedule/rotate_by_file.js
2018-02-15 03:12:19,268 INFO 26171 [egg-static] starting static serve /public/ -> /Users/chirsen/myGitHub/questionair/app/public
2018-02-15 03:12:19,270 INFO 26171 [egg-security] use csrf middleware
2018-02-15 03:12:19,270 INFO 26171 [egg-security] use methodnoallow middleware
2018-02-15 03:12:19,271 INFO 26171 [egg-security] use noopen middleware
2018-02-15 03:12:19,271 INFO 26171 [egg-security] use nosniff middleware
2018-02-15 03:12:19,271 INFO 26171 [egg-security] use xssProtection middleware
2018-02-15 03:12:19,271 INFO 26171 [egg-security] use xframe middleware
2018-02-15 03:12:19,272 INFO 26171 [egg-security] use dta middleware
2018-02-15 03:12:19,272 INFO 26171 [egg-security] compose 7 middlewares into one security middleware
2018-02-15 03:12:19,299 INFO 26171 [egg-watcher:app] watcher start success
